[     635ms] [ERROR] Mixed Content: The page at 'https://www.fsdzones.cloud/tsc' was loaded over HTTPS, but requested an insecure script 'http://umami-jb4p566jqmt51k93yze0psvs.72.61.3.130.sslip.io:3000/script.js'. This request has been blocked; the content must be served over HTTPS. @ https://www.fsdzones.cloud/tsc:0
[    5327ms] [WARNING] [PageTracking] Missing page name {page: } @ https://www.fsdzones.cloud/assets/index-CgRj63ib.js:47
[ 1836163ms] [ERROR] Failed to load resource: net::ERR_TIMED_OUT @ https://www.fsdzones.cloud/api/homepage/calendar:0
[ 1836459ms] [ERROR] Failed to load resource: net::ERR_TIMED_OUT @ https://www.fsdzones.cloud/api/homepage/rates:0
[ 1836474ms] [ERROR] Failed to load resource: net::ERR_TIMED_OUT @ https://www.fsdzones.cloud/api/blog:0
[ 1840378ms] [ERROR] Failed to load resource: net::ERR_TIMED_OUT @ https://www.fsdzones.cloud/api/homepage/stocks:0
[ 1858541ms] [ERROR] Failed to load resource: net::ERR_TIMED_OUT @ https://www.fsdzones.cloud/api/homepage/calendar:0
[ 1858603ms] [ERROR] Failed to load resource: net::ERR_TIMED_OUT @ https://www.fsdzones.cloud/api/homepage/rates:0
[ 1901222ms] [ERROR] Failed to load resource: net::ERR_TIMED_OUT @ https://www.fsdzones.cloud/api/homepage/calendar:0
[ 1961818ms] [ERROR] Failed to load resource: net::ERR_TIMED_OUT @ https://www.fsdzones.cloud/api/homepage/calendar:0
[ 2015748ms] [ERROR] Failed to load resource: net::ERR_TIMED_OUT @ https://www.fsdzones.cloud/api/homepage/calendar:0
[ 2016067ms] [ERROR] Failed to load resource: net::ERR_TIMED_OUT @ https://www.fsdzones.cloud/api/homepage/rates:0
[ 2016082ms] [ERROR] Failed to load resource: net::ERR_TIMED_OUT @ https://www.fsdzones.cloud/api/blog:0
[ 2042706ms] [ERROR] Failed to load resource: net::ERR_TIMED_OUT @ https://www.fsdzones.cloud/api/homepage/calendar:0
[ 2069180ms] [ERROR] Failed to load resource: net::ERR_TIMED_OUT @ https://www.fsdzones.cloud/api/homepage/rates:0
[ 2103288ms] [ERROR] Failed to load resource: net::ERR_TIMED_OUT @ https://www.fsdzones.cloud/api/homepage/calendar:0
[ 2163884ms] [ERROR] Failed to load resource: net::ERR_TIMED_OUT @ https://www.fsdzones.cloud/api/homepage/calendar:0
[ 2171234ms] [ERROR] Failed to load resource: net::ERR_TIMED_OUT @ https://www.fsdzones.cloud/api/homepage/stocks:0
[ 2195774ms] [ERROR] Failed to load resource: net::ERR_TIMED_OUT @ https://www.fsdzones.cloud/api/blog:0
[ 2196056ms] [ERROR] Failed to load resource: net::ERR_TIMED_OUT @ https://www.fsdzones.cloud/api/homepage/calendar:0
[ 2196088ms] [ERROR] Failed to load resource: net::ERR_TIMED_OUT @ https://www.fsdzones.cloud/api/homepage/rates:0
[ 2226612ms] [ERROR] Failed to load resource: net::ERR_TIMED_OUT @ https://www.fsdzones.cloud/api/homepage/calendar:0
[ 2280041ms] [ERROR] Failed to load resource: net::ERR_TIMED_OUT @ https://www.fsdzones.cloud/api/homepage/rates:0
[ 2280326ms] [ERROR] Failed to load resource: net::ERR_TIMED_OUT @ https://www.fsdzones.cloud/api/homepage/calendar:0
[ 2340923ms] [ERROR] Failed to load resource: net::ERR_TIMED_OUT @ https://www.fsdzones.cloud/api/homepage/calendar:0
[ 2375746ms] [ERROR] Failed to load resource: net::ERR_TIMED_OUT @ https://www.fsdzones.cloud/api/homepage/calendar:0
[ 2376080ms] [ERROR] Failed to load resource: net::ERR_TIMED_OUT @ https://www.fsdzones.cloud/api/homepage/rates:0
[ 2376113ms] [ERROR] Failed to load resource: net::ERR_TIMED_OUT @ https://www.fsdzones.cloud/api/blog:0
[ 2406320ms] [ERROR] Failed to load resource: net::ERR_TIMED_OUT @ https://www.fsdzones.cloud/api/homepage/calendar:0
[ 2467167ms] [ERROR] Failed to load resource: net::ERR_TIMED_OUT @ https://www.fsdzones.cloud/api/homepage/calendar:0
[ 2467950ms] [ERROR] Failed to load resource: net::ERR_TIMED_OUT @ https://www.fsdzones.cloud/api/homepage/rates:0
[ 2490940ms] [ERROR] Failed to load resource: net::ERR_TIMED_OUT @ https://www.fsdzones.cloud/api/homepage/stocks:0
[ 2501878ms] [ERROR] Failed to load resource: net::ERR_TIMED_OUT @ https://www.fsdzones.cloud/api/homepage/calendar:0
[ 2529214ms] [ERROR] Failed to load resource: net::ERR_QUIC_PROTOCOL_ERROR.QUIC_NETWORK_IDLE_TIMEOUT @ https://www.fsdzones.cloud/api/homepage/calendar:0
[ 2555770ms] [ERROR] Failed to load resource: net::ERR_TIMED_OUT @ https://www.fsdzones.cloud/api/homepage/rates:0
[ 2556054ms] [ERROR] Failed to load resource: net::ERR_TIMED_OUT @ https://www.fsdzones.cloud/api/blog:0
[ 2556070ms] [ERROR] Failed to load resource: net::ERR_TIMED_OUT @ https://www.fsdzones.cloud/api/homepage/calendar:0
